<?xml version="1.0" encoding="UTF-8" ?>
<testsuite tests="27" failures="2" name="runners.TestRunner" time="6.506" errors="0" skipped="0">
  <properties>
[...]
</properties>
  <testcase classname="Scenario: User launch the SecurePay site" name="Given User is on Google page" time="0.003"/>
  <testcase classname="Scenario: User launch the SecurePay site" name="When he searches for &quot;SecurePay&quot;" time="0"/>
  <testcase classname="Scenario: User launch the SecurePay site" name="And open the first link" time="0"/>
  <testcase classname="Scenario: User launch the SecurePay site" name="Then he should navigate to SecurePay Home page" time="0"/>
  <testcase classname="Scenario: User launch the SecurePay site" name="Scenario: User launch the SecurePay site" time="5.012"/>
  <testcase classname="Scenario: User navigates to Contactus Page" name="Given User is on Google page" time="0"/>
  <testcase classname="Scenario: User navigates to Contactus Page" name="When he searches for &quot;SecurePay&quot;" time="0"/>
  <testcase classname="Scenario: User navigates to Contactus Page" name="And open the first link" time="0"/>
  <testcase classname="Scenario: User navigates to Contactus Page" name="And click on &quot;contact us&quot; link" time="0"/>
  <testcase classname="Scenario: User navigates to Contactus Page" name="Then he should navigate to ContactUs page" time="0"/>
  <testcase classname="Scenario: User navigates to Contactus Page" name="Scenario: User navigates to Contactus Page" time="0.734"/>
  <testcase classname="Scenario: User submit the ContactUs form" name="Given User is on Google page" time="0"/>
  <testcase classname="Scenario: User submit the ContactUs form" name="When he searches for &quot;SecurePay&quot;" time="0"/>
  <testcase classname="Scenario: User submit the ContactUs form" name="And open the first link" time="0"/>
  <testcase classname="Scenario: User submit the ContactUs form" name="And click on &quot;contact us&quot; link" time="0"/>
  <testcase classname="Scenario: User submit the ContactUs form" name="And fill the contactUs form" time="0"/>
  <testcase classname="Scenario: User submit the ContactUs form" name="And Submit the form" time="0"/>
  <testcase classname="Scenario: User submit the ContactUs form" name="Then the form should be submitted successfully" time="0"/>
  <testcase classname="Scenario: User submit the ContactUs form" name="Scenario: User submit the ContactUs form" time="0.75"/>
  <testcase classname="Scenario: User submit the ContactUs form - make it fail" name="Given User is on Google page" time="0"/>
  <testcase classname="Scenario: User submit the ContactUs form - make it fail" name="When he searches for &quot;SecurePay&quot;" time="0"/>
  <testcase classname="Scenario: User submit the ContactUs form - make it fail" name="And open the first link" time="0"/>
  <testcase classname="Scenario: User submit the ContactUs form - make it fail" name="And click on &quot;contact us&quot; link" time="0"/>
  <testcase classname="Scenario: User submit the ContactUs form - make it fail" name="And fill the contactUs form" time="0"/>
  <testcase classname="Scenario: User submit the ContactUs form - make it fail" name="And Submit the form" time="0"/>
  <testcase classname="Scenario: User submit the ContactUs form - make it fail" name="Then the assert should fail" time="0.003">
    <failure type="java.lang.AssertionError">java.lang.AssertionError
	at org.junit.Assert.fail(Assert.java:86)
	at org.junit.Assert.assertTrue(Assert.java:41)
	at org.junit.Assert.assertTrue(Assert.java:52)
	at stepDefinitions.SecurePayPageSteps.the_assert_should_fail(SecurePayPageSteps.java:58)
	at ✽.Then the assert should fail(TestFeature.feature:35)
</failure>
  </testcase>
  <testcase classname="Scenario: User submit the ContactUs form - make it fail" name="Scenario: User submit the ContactUs form - make it fail" time="0.004">
    <failure type="java.lang.AssertionError">java.lang.AssertionError
	at org.junit.Assert.fail(Assert.java:86)
	at org.junit.Assert.assertTrue(Assert.java:41)
	at org.junit.Assert.assertTrue(Assert.java:52)
	at stepDefinitions.SecurePayPageSteps.the_assert_should_fail(SecurePayPageSteps.java:58)
	at ✽.Then the assert should fail(TestFeature.feature:35)
</failure>
  </testcase>
</testsuite>