<?xml version="1.0" encoding="UTF-8" ?>
<testsuite tests="27" failures="2" name="runners.TestRunner" time="6.506" errors="0" skipped="0">
  <properties>
    <property name="java.runtime.name" value="Java(TM) SE Runtime Environment"/>
    <property name="sun.boot.library.path" value="C:\Program Files\Java\jdk1.8.0_221\jre\bin"/>
    <property name="java.vm.version" value="25.221-b11"/>
    <property name="java.vm.vendor" value="Oracle Corporation"/>
    <property name="maven.multiModuleProjectDirectory" value="C:\Users\sudha\Desktop\My Projects\Java\SecurePayTestSuite"/>
    <property name="java.vendor.url" value="http://java.oracle.com/"/>
    <property name="path.separator" value=";"/>
    <property name="guice.disable.misplaced.annotation.check" value="true"/>
    <property name="java.vm.name" value="Java HotSpot(TM) 64-Bit Server VM"/>
    <property name="file.encoding.pkg" value="sun.io"/>
    <property name="user.script" value=""/>
    <property name="user.country" value="AU"/>
    <property name="sun.java.launcher" value="SUN_STANDARD"/>
    <property name="sun.os.patch.level" value=""/>
    <property name="java.vm.specification.name" value="Java Virtual Machine Specification"/>
    <property name="user.dir" value="C:\Users\sudha\Desktop\My Projects\Java\SecurePayTestSuite"/>
    <property name="java.runtime.version" value="1.8.0_221-b11"/>
    <property name="java.awt.graphicsenv" value="sun.awt.Win32GraphicsEnvironment"/>
    <property name="java.endorsed.dirs" value="C:\Program Files\Java\jdk1.8.0_221\jre\lib\endorsed"/>
    <property name="os.arch" value="amd64"/>
    <property name="java.io.tmpdir" value="C:\Users\sudha\AppData\Local\Temp\"/>
    <property name="line.separator" value="
"/>
    <property name="java.vm.specification.vendor" value="Oracle Corporation"/>
    <property name="user.variant" value=""/>
    <property name="os.name" value="Windows 10"/>
    <property name="classworlds.conf" value="C:\Users\sudha\apache-maven-3.8.1-bin\apache-maven-3.8.1\bin\..\bin\m2.conf"/>
    <property name="sun.jnu.encoding" value="Cp1252"/>
    <property name="java.library.path" value="C:\Program Files\Java\jdk1.8.0_221\bin;C:\WINDOWS\Sun\Java\bin;C:\WINDOWS\system32;C:\WINDOWS;C:\Users\sudha\AppData\Local\Android\Sdk\tools\bin;C:\Users\sudha\AppData\Local\Android\Sdk\tools;C:\Users\sudha\AppData\Local\Android\Sdk\platform-tools;C:\Program Files\Java\jre1.8.0_221\bin;C:\Program Files (x86)\Common Files\Oracle\Java\javapath;C:\Program Files (x86)\Intel\Intel(R) Management Engine Components\iCLS\;C:\Program Files\Intel\Intel(R) Management Engine Components\iCLS\;C:\WINDOWS\system32;C:\WINDOWS;C:\WINDOWS\System32\Wbem;C:\WINDOWS\System32\WindowsPowerShell\v1.0\;C:\WINDOWS\System32\OpenSSH\;C:\Program Files (x86)\Intel\Intel(R) Management Engine Components\DAL;C:\Program Files\Intel\Intel(R) Management Engine Components\DAL;C:\Program Files (x86)\Intel\Intel(R) Management Engine Components\IPT;C:\Program Files\Intel\Intel(R) Management Engine Components\IPT;C:\Program Files\dotnet\;C:\Program Files\Git\cmd;C:\Program Files\Java\jdk1.8.0_221\bin;C:\Program Files\Microsoft SQL Server\130\Tools\Binn\;C:\Program Files\Microsoft SQL Server\Client SDK\ODBC\170\Tools\Binn\;C:\Program Files\nodejs\;C:\Program Files\Amazon\AWSCLI\bin\;C:\Program Files\Amazon\AWSCLIV2\;C:\Users\sudha\apache-maven-3.8.1-bin\apache-maven-3.8.1\bin;C:\Users\sudha\AppData\Local\Programs\Python\Python37\Scripts\;C:\Users\sudha\AppData\Local\Programs\Python\Python37\;C:\Program Files\Java\jdk-12.0.1\bin;C:\Users\sudha\AppData\Local\Android\Sdk\platform-tools;C:\Users\sudha\AppData\Local\Android\Sdk\tools;C:\Users\sudha\AppData\Roaming\npm;;C:\Users\sudha\AppData\Local\Programs\Microsoft VS Code\bin;C:\Users\sudha\AppData\Local\Microsoft\WindowsApps;C:\Users\sudha\.dotnet\tools;C:\Program Files\Docker Toolbox;."/>
    <property name="maven.conf" value="C:\Users\sudha\apache-maven-3.8.1-bin\apache-maven-3.8.1\bin\../conf"/>
    <property name="java.specification.name" value="Java Platform API Specification"/>
    <property name="java.class.version" value="52.0"/>
    <property name="sun.management.compiler" value="HotSpot 64-Bit Tiered Compilers"/>
    <property name="os.version" value="10.0"/>
    <property name="library.jansi.path" value="C:\Users\sudha\apache-maven-3.8.1-bin\apache-maven-3.8.1\bin\..\lib\jansi-native"/>
    <property name="user.home" value="C:\Users\sudha"/>
    <property name="user.timezone" value="Australia/Sydney"/>
    <property name="java.awt.printerjob" value="sun.awt.windows.WPrinterJob"/>
    <property name="java.specification.version" value="1.8"/>
    <property name="file.encoding" value="Cp1252"/>
    <property name="user.name" value="sudha"/>
    <property name="java.class.path" value="C:\Users\sudha\apache-maven-3.8.1-bin\apache-maven-3.8.1\bin\..\boot\plexus-classworlds-2.6.0.jar"/>
    <property name="java.vm.specification.version" value="1.8"/>
    <property name="sun.arch.data.model" value="64"/>
    <property name="java.home" value="C:\Program Files\Java\jdk1.8.0_221\jre"/>
    <property name="sun.java.command" value="org.codehaus.plexus.classworlds.launcher.Launcher test"/>
    <property name="java.specification.vendor" value="Oracle Corporation"/>
    <property name="user.language" value="en"/>
    <property name="awt.toolkit" value="sun.awt.windows.WToolkit"/>
    <property name="java.vm.info" value="mixed mode"/>
    <property name="java.version" value="1.8.0_221"/>
    <property name="java.ext.dirs" value="C:\Program Files\Java\jdk1.8.0_221\jre\lib\ext;C:\WINDOWS\Sun\Java\lib\ext"/>
    <property name="sun.boot.class.path" value="C:\Program Files\Java\jdk1.8.0_221\jre\lib\resources.jar;C:\Program Files\Java\jdk1.8.0_221\jre\lib\rt.jar;C:\Program Files\Java\jdk1.8.0_221\jre\lib\sunrsasign.jar;C:\Program Files\Java\jdk1.8.0_221\jre\lib\jsse.jar;C:\Program Files\Java\jdk1.8.0_221\jre\lib\jce.jar;C:\Program Files\Java\jdk1.8.0_221\jre\lib\charsets.jar;C:\Program Files\Java\jdk1.8.0_221\jre\lib\jfr.jar;C:\Program Files\Java\jdk1.8.0_221\jre\classes"/>
    <property name="sun.stderr.encoding" value="cp437"/>
    <property name="java.vendor" value="Oracle Corporation"/>
    <property name="maven.home" value="C:\Users\sudha\apache-maven-3.8.1-bin\apache-maven-3.8.1\bin\.."/>
    <property name="file.separator" value="\"/>
    <property name="java.vendor.url.bug" value="http://bugreport.sun.com/bugreport/"/>
    <property name="sun.cpu.endian" value="little"/>
    <property name="sun.io.unicode.encoding" value="UnicodeLittle"/>
    <property name="sun.stdout.encoding" value="cp437"/>
    <property name="sun.desktop" value="windows"/>
    <property name="sun.cpu.isalist" value="amd64"/>
  </properties>
  <testcase classname="Scenario: User launch the SecurePay site" name="Given User is on Google page" time="0.003"/>
  <testcase classname="Scenario: User launch the SecurePay site" name="When he searches for &quot;SecurePay&quot;" time="0"/>
  <testcase classname="Scenario: User launch the SecurePay site" name="And open the first link" time="0"/>
  <testcase classname="Scenario: User launch the SecurePay site" name="Then he should navigate to SecurePay Home page" time="0"/>
  <testcase classname="Scenario: User launch the SecurePay site" name="Scenario: User launch the SecurePay site" time="5.012"/>
  <testcase classname="Scenario: User navigates to Contactus Page" name="Given User is on Google page" time="0"/>
  <testcase classname="Scenario: User navigates to Contactus Page" name="When he searches for &quot;SecurePay&quot;" time="0"/>
  <testcase classname="Scenario: User navigates to Contactus Page" name="And open the first link" time="0"/>
  <testcase classname="Scenario: User navigates to Contactus Page" name="And click on &quot;contact us&quot; link" time="0"/>
  <testcase classname="Scenario: User navigates to Contactus Page" name="Then he should navigate to ContactUs page" time="0"/>
  <testcase classname="Scenario: User navigates to Contactus Page" name="Scenario: User navigates to Contactus Page" time="0.734"/>
  <testcase classname="Scenario: User submit the ContactUs form" name="Given User is on Google page" time="0"/>
  <testcase classname="Scenario: User submit the ContactUs form" name="When he searches for &quot;SecurePay&quot;" time="0"/>
  <testcase classname="Scenario: User submit the ContactUs form" name="And open the first link" time="0"/>
  <testcase classname="Scenario: User submit the ContactUs form" name="And click on &quot;contact us&quot; link" time="0"/>
  <testcase classname="Scenario: User submit the ContactUs form" name="And fill the contactUs form" time="0"/>
  <testcase classname="Scenario: User submit the ContactUs form" name="And Submit the form" time="0"/>
  <testcase classname="Scenario: User submit the ContactUs form" name="Then the form should be submitted successfully" time="0"/>
  <testcase classname="Scenario: User submit the ContactUs form" name="Scenario: User submit the ContactUs form" time="0.75"/>
  <testcase classname="Scenario: User submit the ContactUs form - make it fail" name="Given User is on Google page" time="0"/>
  <testcase classname="Scenario: User submit the ContactUs form - make it fail" name="When he searches for &quot;SecurePay&quot;" time="0"/>
  <testcase classname="Scenario: User submit the ContactUs form - make it fail" name="And open the first link" time="0"/>
  <testcase classname="Scenario: User submit the ContactUs form - make it fail" name="And click on &quot;contact us&quot; link" time="0"/>
  <testcase classname="Scenario: User submit the ContactUs form - make it fail" name="And fill the contactUs form" time="0"/>
  <testcase classname="Scenario: User submit the ContactUs form - make it fail" name="And Submit the form" time="0"/>
  <testcase classname="Scenario: User submit the ContactUs form - make it fail" name="Then the assert should fail" time="0.003">
    <failure type="java.lang.AssertionError">java.lang.AssertionError
	at org.junit.Assert.fail(Assert.java:86)
	at org.junit.Assert.assertTrue(Assert.java:41)
	at org.junit.Assert.assertTrue(Assert.java:52)
	at stepDefinitions.SecurePayPageSteps.the_assert_should_fail(SecurePayPageSteps.java:58)
	at ✽.Then the assert should fail(TestFeature.feature:35)
</failure>
  </testcase>
  <testcase classname="Scenario: User submit the ContactUs form - make it fail" name="Scenario: User submit the ContactUs form - make it fail" time="0.004">
    <failure type="java.lang.AssertionError">java.lang.AssertionError
	at org.junit.Assert.fail(Assert.java:86)
	at org.junit.Assert.assertTrue(Assert.java:41)
	at org.junit.Assert.assertTrue(Assert.java:52)
	at stepDefinitions.SecurePayPageSteps.the_assert_should_fail(SecurePayPageSteps.java:58)
	at ✽.Then the assert should fail(TestFeature.feature:35)
</failure>
  </testcase>
</testsuite>